<?xml version="1.0" encoding="utf-8"?><testsuites name="pytest tests"><testsuite name="pytest" errors="0" failures="0" skipped="0" tests="22" time="4.387" timestamp="2026-08-29T01:37:54.630544+08:00" hostname="Hermes"><testcase classname="automation.api.tests.checkout.test_2026-08-medusa-api-checkout_a0001_list_products" name="test_list_products_contains_black_small_variant" time="0.082" /><testcase classname="automation.api.tests.checkout.test_2026-08-medusa-api-checkout_a0002_reject_invalid_region" name="test_list_products_rejects_invalid_region" time="0.011" /><testcase classname="automation.api.tests.checkout.test_2026-08-medusa-api-checkout_a0003_create_cart" name="test_create_cart_uses_seeded_region" time="0.104" /><testcase classname="automation.api.tests.checkout.test_2026-08-medusa-api-checkout_a0004_reject_invalid_cart_region" name="test_create_cart_rejects_unknown_region" time="0.015" /><testcase classname="automation.api.tests.checkout.test_2026-08-medusa-api-checkout_a0005_add_line_item" name="test_add_line_item_uses_runtime_variant" time="0.165" /><testcase classname="automation.api.tests.checkout.test_2026-08-medusa-api-checkout_a0006_reject_missing_variant" name="test_add_line_item_rejects_missing_variant" time="0.048" /><testcase classname="automation.api.tests.checkout.test_2026-08-medusa-api-checkout_a0007_apply_promotion" name="test_apply_argus10_calculates_discount_from_seed" time="0.186" /><testcase classname="automation.api.tests.checkout.test_2026-08-medusa-api-checkout_a0008_reject_invalid_promotion" name="test_apply_invalid_promotion_returns_error" time="0.271" /><testcase classname="automation.api.tests.checkout.test_2026-08-medusa-api-checkout_a0009_update_guest_cart" name="test_update_cart_persists_guest_contact_and_addresses" time="0.356" /><testcase classname="automation.api.tests.checkout.test_2026-08-medusa-api-checkout_a0010_reject_invalid_email" name="test_update_cart_rejects_invalid_email" time="0.145" /><testcase classname="automation.api.tests.checkout.test_2026-08-medusa-api-checkout_a0011_list_shipping_options" name="test_list_shipping_options_contains_seeded_standard_option" time="0.259" /><testcase classname="automation.api.tests.checkout.test_2026-08-medusa-api-checkout_a0012_reject_missing_shipping_cart" name="test_list_shipping_options_rejects_missing_cart" time="0.004" /><testcase classname="automation.api.tests.checkout.test_2026-08-medusa-api-checkout_a0013_add_standard_shipping" name="test_add_standard_shipping_updates_cart" time="0.402" /><testcase classname="automation.api.tests.checkout.test_2026-08-medusa-api-checkout_a0014_reject_invalid_shipping" name="test_add_shipping_method_rejects_unknown_option" time="0.176" /><testcase classname="automation.api.tests.checkout.test_2026-08-medusa-api-checkout_a0015_create_payment_collection" name="test_create_payment_collection_matches_cart_total" time="0.435" /><testcase classname="automation.api.tests.checkout.test_2026-08-medusa-api-checkout_a0016_reject_missing_payment_cart" name="test_create_payment_collection_rejects_missing_cart" time="0.004" /><testcase classname="automation.api.tests.checkout.test_2026-08-medusa-api-checkout_a0017_initialize_manual_payment" name="test_initialize_manual_payment_session" time="0.379" /><testcase classname="automation.api.tests.checkout.test_2026-08-medusa-api-checkout_a0018_reject_invalid_payment_provider" name="test_initialize_payment_session_rejects_unknown_provider" time="0.393" /><testcase classname="automation.api.tests.checkout.test_2026-08-medusa-api-checkout_a0019_complete_order" name="test_complete_cart_creates_authorized_order" time="0.507" /><testcase classname="automation.api.tests.checkout.test_2026-08-medusa-api-checkout_a0020_reject_missing_order_cart" name="test_complete_cart_rejects_unknown_cart" time="0.023" /><testcase classname="automation.api.tests.checkout.test_test-fixture-api-e2e_a0001_apply_discount" name="test_apply_valid_promotion" time="0.252" /><testcase classname="automation.api.tests.checkout.test_test-fixture-api-e2e_a0002_reject_payload" name="test_reject_invalid_promotion_payload" time="0.143" /></testsuite></testsuites>